[debug] [2025-07-19T11:25:49.175Z] ----------------------------------------------------------------------
[debug] [2025-07-19T11:25:49.180Z] Command:       C:\Program Files\nodejs\node.exe C:\Program Files\nodejs\node_modules\firebase-tools\lib\bin\firebase.js init functions
[debug] [2025-07-19T11:25:49.180Z] CLI Version:   14.11.0
[debug] [2025-07-19T11:25:49.180Z] Platform:      win32
[debug] [2025-07-19T11:25:49.181Z] Node Version:  v20.19.4
[debug] [2025-07-19T11:25:49.181Z] Time:          Sat Jul 19 2025 12:25:49 GMT+0100 (British Summer Time)
[debug] [2025-07-19T11:25:49.181Z] ----------------------------------------------------------------------
[debug] 
[debug] [2025-07-19T11:25:49.190Z] > command requires scopes: ["email","openid","https://www.googleapis.com/auth/cloudplatformprojects.readonly","https://www.googleapis.com/auth/firebase","https://www.googleapis.com/auth/cloud-platform"]
[debug] [2025-07-19T11:25:49.191Z] > authorizing via signed-in user (tahmidchoudhury10@gmail.com)
[info] 
     ######## #### ########  ######## ########     ###     ######  ########
     ##        ##  ##     ## ##       ##     ##  ##   ##  ##       ##
     ######    ##  ########  ######   ########  #########  ######  ######
     ##        ##  ##    ##  ##       ##     ## ##     ##       ## ##
     ##       #### ##     ## ######## ########  ##     ##  ######  ########

You're about to initialize a Firebase project in this directory:

  C:\Users\tahmi\repos\Team-12-Hack-for-Gaza

[info] 
=== Project Setup
[info] 
[info] First, let's associate this project directory with a Firebase project.
[info] You can create multiple project aliases by running firebase use --add, 
[info] but for now we'll just set up a default project.
[info] 
[info] i  If you want to create a project in a Google Cloud organization or folder, please use "firebase projects:create" instead, and return to this command when you've created the project. 
[debug] [2025-07-19T11:26:20.430Z] Checked if tokens are valid: true, expires at: 1752927920666
[debug] [2025-07-19T11:26:20.430Z] Checked if tokens are valid: true, expires at: 1752927920666
[debug] [2025-07-19T11:26:20.434Z] >>> [apiv2][query] POST https://firebase.googleapis.com/v1/projects:checkProjectId [none]
[debug] [2025-07-19T11:26:20.435Z] >>> [apiv2][body] POST https://firebase.googleapis.com/v1/projects:checkProjectId {"proposedId":"Team-12-Hackathon"}
[debug] [2025-07-19T11:26:20.861Z] <<< [apiv2][status] POST https://firebase.googleapis.com/v1/projects:checkProjectId 200
[debug] [2025-07-19T11:26:20.861Z] <<< [apiv2][body] POST https://firebase.googleapis.com/v1/projects:checkProjectId {"projectIdStatus":"PROJECT_ID_NOT_VALID","suggestedProjectId":"team-12-hackathon-8ec0c"}
[debug] [2025-07-19T11:26:43.704Z] Checked if tokens are valid: true, expires at: 1752927920666
[debug] [2025-07-19T11:26:43.705Z] Checked if tokens are valid: true, expires at: 1752927920666
[debug] [2025-07-19T11:26:43.707Z] >>> [apiv2][query] POST https://firebase.googleapis.com/v1/projects:checkProjectId [none]
[debug] [2025-07-19T11:26:43.707Z] >>> [apiv2][body] POST https://firebase.googleapis.com/v1/projects:checkProjectId {"proposedId":"Team-12-DD"}
[debug] [2025-07-19T11:26:44.016Z] <<< [apiv2][status] POST https://firebase.googleapis.com/v1/projects:checkProjectId 200
[debug] [2025-07-19T11:26:44.016Z] <<< [apiv2][body] POST https://firebase.googleapis.com/v1/projects:checkProjectId {"projectIdStatus":"PROJECT_ID_NOT_VALID","suggestedProjectId":"team-12-dd"}
[debug] [2025-07-19T11:26:48.984Z] Checked if tokens are valid: true, expires at: 1752927920666
[debug] [2025-07-19T11:26:48.984Z] Checked if tokens are valid: true, expires at: 1752927920666
[debug] [2025-07-19T11:26:48.986Z] >>> [apiv2][query] POST https://firebase.googleapis.com/v1/projects:checkProjectId [none]
[debug] [2025-07-19T11:26:48.986Z] >>> [apiv2][body] POST https://firebase.googleapis.com/v1/projects:checkProjectId {"proposedId":"team-12-DD"}
[debug] [2025-07-19T11:26:49.331Z] <<< [apiv2][status] POST https://firebase.googleapis.com/v1/projects:checkProjectId 200
[debug] [2025-07-19T11:26:49.332Z] <<< [apiv2][body] POST https://firebase.googleapis.com/v1/projects:checkProjectId {"projectIdStatus":"PROJECT_ID_NOT_VALID","suggestedProjectId":"team-12-dd"}
[debug] [2025-07-19T11:26:53.390Z] Checked if tokens are valid: true, expires at: 1752927920666
[debug] [2025-07-19T11:26:53.390Z] Checked if tokens are valid: true, expires at: 1752927920666
[debug] [2025-07-19T11:26:53.392Z] >>> [apiv2][query] POST https://firebase.googleapis.com/v1/projects:checkProjectId [none]
[debug] [2025-07-19T11:26:53.392Z] >>> [apiv2][body] POST https://firebase.googleapis.com/v1/projects:checkProjectId {"proposedId":"team-12-dd"}
[debug] [2025-07-19T11:26:53.714Z] <<< [apiv2][status] POST https://firebase.googleapis.com/v1/projects:checkProjectId 200
[debug] [2025-07-19T11:26:53.714Z] <<< [apiv2][body] POST https://firebase.googleapis.com/v1/projects:checkProjectId {"projectIdStatus":"PROJECT_ID_AVAILABLE","suggestedProjectId":"team-12-dd"}
[debug] [2025-07-19T11:27:00.708Z] Checked if tokens are valid: true, expires at: 1752927920666
[debug] [2025-07-19T11:27:00.708Z] Checked if tokens are valid: true, expires at: 1752927920666
[debug] [2025-07-19T11:27:00.709Z] >>> [apiv2][query] POST https://cloudresourcemanager.googleapis.com/v1/projects [none]
[debug] [2025-07-19T11:27:00.709Z] >>> [apiv2][body] POST https://cloudresourcemanager.googleapis.com/v1/projects {"projectId":"team-12-dd","name":"team-12-dd"}
[debug] [2025-07-19T11:27:01.626Z] <<< [apiv2][status] POST https://cloudresourcemanager.googleapis.com/v1/projects 200
[debug] [2025-07-19T11:27:01.627Z] <<< [apiv2][body] POST https://cloudresourcemanager.googleapis.com/v1/projects {"name":"operations/create_project.global.5147784654594554148"}
[debug] [2025-07-19T11:27:01.629Z] Checked if tokens are valid: true, expires at: 1752927920666
[debug] [2025-07-19T11:27:01.629Z] Checked if tokens are valid: true, expires at: 1752927920666
[debug] [2025-07-19T11:27:01.630Z] >>> [apiv2][query] GET https://cloudresourcemanager.googleapis.com/v1/operations/create_project.global.5147784654594554148 [none]
[debug] [2025-07-19T11:27:02.238Z] <<< [apiv2][status] GET https://cloudresourcemanager.googleapis.com/v1/operations/create_project.global.5147784654594554148 200
[debug] [2025-07-19T11:27:02.238Z] <<< [apiv2][body] GET https://cloudresourcemanager.googleapis.com/v1/operations/create_project.global.5147784654594554148 {"name":"operations/create_project.global.5147784654594554148"}
[debug] [2025-07-19T11:27:02.751Z] [Project Creation Poller] Retrying task index 0
[debug] [2025-07-19T11:27:02.752Z] Checked if tokens are valid: true, expires at: 1752927920666
[debug] [2025-07-19T11:27:02.752Z] Checked if tokens are valid: true, expires at: 1752927920666
[debug] [2025-07-19T11:27:02.753Z] >>> [apiv2][query] GET https://cloudresourcemanager.googleapis.com/v1/operations/create_project.global.5147784654594554148 [none]
[debug] [2025-07-19T11:27:02.912Z] <<< [apiv2][status] GET https://cloudresourcemanager.googleapis.com/v1/operations/create_project.global.5147784654594554148 200
[debug] [2025-07-19T11:27:02.913Z] <<< [apiv2][body] GET https://cloudresourcemanager.googleapis.com/v1/operations/create_project.global.5147784654594554148 {"name":"operations/create_project.global.5147784654594554148","metadata":{"@type":"type.googleapis.com/google.cloudresourcemanager.v1.ProjectCreationStatus","gettable":true,"ready":true},"done":true,"response":{"@type":"type.googleapis.com/google.cloudresourcemanager.v1.Project","projectNumber":"131400966114","projectId":"team-12-dd","lifecycleState":"ACTIVE","name":"team-12-dd","createTime":"2025-07-19T11:27:01.949922Z"}}
[debug] [2025-07-19T11:27:02.916Z] Checked if tokens are valid: true, expires at: 1752927920666
[debug] [2025-07-19T11:27:02.917Z] Checked if tokens are valid: true, expires at: 1752927920666
[debug] [2025-07-19T11:27:02.917Z] >>> [apiv2][query] POST https://firebase.googleapis.com/v1beta1/projects/team-12-dd:addFirebase [none]
[debug] [2025-07-19T11:27:06.538Z] <<< [apiv2][status] POST https://firebase.googleapis.com/v1beta1/projects/team-12-dd:addFirebase 200
[debug] [2025-07-19T11:27:06.539Z] <<< [apiv2][body] POST https://firebase.googleapis.com/v1beta1/projects/team-12-dd:addFirebase {"name":"operations/workflows/MGFlNzM5ZmQtNzc4NC00MDgyLWFhOGEtZTJiZDEzMGEyNDI3"}
[debug] [2025-07-19T11:27:06.539Z] Checked if tokens are valid: true, expires at: 1752927920666
[debug] [2025-07-19T11:27:06.539Z] Checked if tokens are valid: true, expires at: 1752927920666
[debug] [2025-07-19T11:27:06.539Z] >>> [apiv2][query] GET https://firebase.googleapis.com/v1beta1/operations/workflows/MGFlNzM5ZmQtNzc4NC00MDgyLWFhOGEtZTJiZDEzMGEyNDI3 [none]
[debug] [2025-07-19T11:27:11.145Z] <<< [apiv2][status] GET https://firebase.googleapis.com/v1beta1/operations/workflows/MGFlNzM5ZmQtNzc4NC00MDgyLWFhOGEtZTJiZDEzMGEyNDI3 200
[debug] [2025-07-19T11:27:11.145Z] <<< [apiv2][body] GET https://firebase.googleapis.com/v1beta1/operations/workflows/MGFlNzM5ZmQtNzc4NC00MDgyLWFhOGEtZTJiZDEzMGEyNDI3 {"name":"operations/workflows/MGFlNzM5ZmQtNzc4NC00MDgyLWFhOGEtZTJiZDEzMGEyNDI3"}
[debug] [2025-07-19T11:27:11.649Z] [Add Firebase Poller] Retrying task index 0
[debug] [2025-07-19T11:27:11.650Z] Checked if tokens are valid: true, expires at: 1752927920666
[debug] [2025-07-19T11:27:11.650Z] Checked if tokens are valid: true, expires at: 1752927920666
[debug] [2025-07-19T11:27:11.650Z] >>> [apiv2][query] GET https://firebase.googleapis.com/v1beta1/operations/workflows/MGFlNzM5ZmQtNzc4NC00MDgyLWFhOGEtZTJiZDEzMGEyNDI3 [none]
[debug] [2025-07-19T11:27:12.381Z] <<< [apiv2][status] GET https://firebase.googleapis.com/v1beta1/operations/workflows/MGFlNzM5ZmQtNzc4NC00MDgyLWFhOGEtZTJiZDEzMGEyNDI3 200
[debug] [2025-07-19T11:27:12.381Z] <<< [apiv2][body] GET https://firebase.googleapis.com/v1beta1/operations/workflows/MGFlNzM5ZmQtNzc4NC00MDgyLWFhOGEtZTJiZDEzMGEyNDI3 {"name":"operations/workflows/MGFlNzM5ZmQtNzc4NC00MDgyLWFhOGEtZTJiZDEzMGEyNDI3"}
[debug] [2025-07-19T11:27:13.394Z] [Add Firebase Poller] Retrying task index 0
[debug] [2025-07-19T11:27:13.394Z] Checked if tokens are valid: true, expires at: 1752927920666
[debug] [2025-07-19T11:27:13.394Z] Checked if tokens are valid: true, expires at: 1752927920666
[debug] [2025-07-19T11:27:13.395Z] >>> [apiv2][query] GET https://firebase.googleapis.com/v1beta1/operations/workflows/MGFlNzM5ZmQtNzc4NC00MDgyLWFhOGEtZTJiZDEzMGEyNDI3 [none]
[debug] [2025-07-19T11:27:14.114Z] <<< [apiv2][status] GET https://firebase.googleapis.com/v1beta1/operations/workflows/MGFlNzM5ZmQtNzc4NC00MDgyLWFhOGEtZTJiZDEzMGEyNDI3 200
[debug] [2025-07-19T11:27:14.114Z] <<< [apiv2][body] GET https://firebase.googleapis.com/v1beta1/operations/workflows/MGFlNzM5ZmQtNzc4NC00MDgyLWFhOGEtZTJiZDEzMGEyNDI3 {"name":"operations/workflows/MGFlNzM5ZmQtNzc4NC00MDgyLWFhOGEtZTJiZDEzMGEyNDI3"}
[debug] [2025-07-19T11:27:16.120Z] [Add Firebase Poller] Retrying task index 0
[debug] [2025-07-19T11:27:16.122Z] Checked if tokens are valid: true, expires at: 1752927920666
[debug] [2025-07-19T11:27:16.122Z] Checked if tokens are valid: true, expires at: 1752927920666
[debug] [2025-07-19T11:27:16.123Z] >>> [apiv2][query] GET https://firebase.googleapis.com/v1beta1/operations/workflows/MGFlNzM5ZmQtNzc4NC00MDgyLWFhOGEtZTJiZDEzMGEyNDI3 [none]
[debug] [2025-07-19T11:27:16.981Z] <<< [apiv2][status] GET https://firebase.googleapis.com/v1beta1/operations/workflows/MGFlNzM5ZmQtNzc4NC00MDgyLWFhOGEtZTJiZDEzMGEyNDI3 200
[debug] [2025-07-19T11:27:16.982Z] <<< [apiv2][body] GET https://firebase.googleapis.com/v1beta1/operations/workflows/MGFlNzM5ZmQtNzc4NC00MDgyLWFhOGEtZTJiZDEzMGEyNDI3 {"name":"operations/workflows/MGFlNzM5ZmQtNzc4NC00MDgyLWFhOGEtZTJiZDEzMGEyNDI3","done":true,"response":{"@type":"type.googleapis.com/google.firebase.service.v1beta1.FirebaseProject","projectId":"team-12-dd","projectNumber":"131400966114","displayName":"team-12-dd","name":"projects/team-12-dd","resources":{"hostingSite":"team-12-dd"}}}
[info] 
[info] === Your Firebase project is ready! ===
[info] 
[info] Project information:
[info]    - Project ID: team-12-dd
[info]    - Project Name: team-12-dd
[info] 
[info] Firebase console is available at
[info] https://console.firebase.google.com/project/team-12-dd/overview
[info] i  Using project team-12-dd (team-12-dd) 
[info] 
=== Functions Setup
[debug] [2025-07-19T11:27:17.000Z] > command requires scopes: ["email","openid","https://www.googleapis.com/auth/cloudplatformprojects.readonly","https://www.googleapis.com/auth/firebase","https://www.googleapis.com/auth/cloud-platform"]
[debug] [2025-07-19T11:27:17.001Z] > authorizing via signed-in user (tahmidchoudhury10@gmail.com)
[debug] [2025-07-19T11:27:17.001Z] [iam] checking project team-12-dd for permissions ["firebase.projects.get"]
[debug] [2025-07-19T11:27:17.002Z] Checked if tokens are valid: true, expires at: 1752927920666
[debug] [2025-07-19T11:27:17.002Z] Checked if tokens are valid: true, expires at: 1752927920666
[debug] [2025-07-19T11:27:17.002Z] >>> [apiv2][query] POST https://cloudresourcemanager.googleapis.com/v1/projects/team-12-dd:testIamPermissions [none]
[debug] [2025-07-19T11:27:17.003Z] >>> [apiv2][(partial)header] POST https://cloudresourcemanager.googleapis.com/v1/projects/team-12-dd:testIamPermissions x-goog-quota-user=projects/team-12-dd
[debug] [2025-07-19T11:27:17.003Z] >>> [apiv2][body] POST https://cloudresourcemanager.googleapis.com/v1/projects/team-12-dd:testIamPermissions {"permissions":["firebase.projects.get"]}
[debug] [2025-07-19T11:27:17.938Z] <<< [apiv2][status] POST https://cloudresourcemanager.googleapis.com/v1/projects/team-12-dd:testIamPermissions 200
[debug] [2025-07-19T11:27:17.939Z] <<< [apiv2][body] POST https://cloudresourcemanager.googleapis.com/v1/projects/team-12-dd:testIamPermissions {"permissions":["firebase.projects.get"]}
[debug] [2025-07-19T11:27:17.940Z] Checked if tokens are valid: true, expires at: 1752927920666
[debug] [2025-07-19T11:27:17.941Z] Checked if tokens are valid: true, expires at: 1752927920666
[debug] [2025-07-19T11:27:17.941Z] Checked if tokens are valid: true, expires at: 1752927920666
[debug] [2025-07-19T11:27:17.942Z] Checked if tokens are valid: true, expires at: 1752927920666
[debug] [2025-07-19T11:27:17.942Z] >>> [apiv2][query] GET https://serviceusage.googleapis.com/v1/projects/team-12-dd/services/cloudfunctions.googleapis.com [none]
[debug] [2025-07-19T11:27:17.942Z] >>> [apiv2][(partial)header] GET https://serviceusage.googleapis.com/v1/projects/team-12-dd/services/cloudfunctions.googleapis.com x-goog-quota-user=projects/team-12-dd
[debug] [2025-07-19T11:27:17.946Z] >>> [apiv2][query] GET https://serviceusage.googleapis.com/v1/projects/team-12-dd/services/runtimeconfig.googleapis.com [none]
[debug] [2025-07-19T11:27:17.947Z] >>> [apiv2][(partial)header] GET https://serviceusage.googleapis.com/v1/projects/team-12-dd/services/runtimeconfig.googleapis.com x-goog-quota-user=projects/team-12-dd
[debug] [2025-07-19T11:27:19.442Z] <<< [apiv2][status] GET https://serviceusage.googleapis.com/v1/projects/team-12-dd/services/runtimeconfig.googleapis.com 200
[debug] [2025-07-19T11:27:19.443Z] <<< [apiv2][body] GET https://serviceusage.googleapis.com/v1/projects/team-12-dd/services/runtimeconfig.googleapis.com [omitted]
[debug] [2025-07-19T11:27:19.465Z] <<< [apiv2][status] GET https://serviceusage.googleapis.com/v1/projects/team-12-dd/services/cloudfunctions.googleapis.com 200
[debug] [2025-07-19T11:27:19.465Z] <<< [apiv2][body] GET https://serviceusage.googleapis.com/v1/projects/team-12-dd/services/cloudfunctions.googleapis.com [omitted]
[debug] [2025-07-19T11:27:19.466Z] Checked if tokens are valid: true, expires at: 1752927920666
[debug] [2025-07-19T11:27:19.466Z] Checked if tokens are valid: true, expires at: 1752927920666
[debug] [2025-07-19T11:27:19.466Z] >>> [apiv2][query] POST https://serviceusage.googleapis.com/v1/projects/team-12-dd/services/cloudfunctions.googleapis.com:enable [none]
[debug] [2025-07-19T11:27:19.467Z] >>> [apiv2][(partial)header] POST https://serviceusage.googleapis.com/v1/projects/team-12-dd/services/cloudfunctions.googleapis.com:enable x-goog-quota-user=projects/team-12-dd
[debug] [2025-07-19T11:27:20.501Z] <<< [apiv2][status] POST https://serviceusage.googleapis.com/v1/projects/team-12-dd/services/cloudfunctions.googleapis.com:enable 200
[debug] [2025-07-19T11:27:20.501Z] <<< [apiv2][body] POST https://serviceusage.googleapis.com/v1/projects/team-12-dd/services/cloudfunctions.googleapis.com:enable [omitted]
[debug] [2025-07-19T11:27:36.626Z] ----------------------------------------------------------------------
[debug] [2025-07-19T11:27:36.631Z] Command:       C:\Program Files\nodejs\node.exe C:\Program Files\nodejs\node_modules\firebase-tools\lib\bin\firebase.js init functions
[debug] [2025-07-19T11:27:36.632Z] CLI Version:   14.11.0
[debug] [2025-07-19T11:27:36.632Z] Platform:      win32
[debug] [2025-07-19T11:27:36.632Z] Node Version:  v20.19.4
[debug] [2025-07-19T11:27:36.632Z] Time:          Sat Jul 19 2025 12:27:36 GMT+0100 (British Summer Time)
[debug] [2025-07-19T11:27:36.633Z] ----------------------------------------------------------------------
[debug] 
[debug] [2025-07-19T11:27:36.642Z] > command requires scopes: ["email","openid","https://www.googleapis.com/auth/cloudplatformprojects.readonly","https://www.googleapis.com/auth/firebase","https://www.googleapis.com/auth/cloud-platform"]
[debug] [2025-07-19T11:27:36.642Z] > authorizing via signed-in user (tahmidchoudhury10@gmail.com)
[info] 
     ######## #### ########  ######## ########     ###     ######  ########
     ##        ##  ##     ## ##       ##     ##  ##   ##  ##       ##
     ######    ##  ########  ######   ########  #########  ######  ######
     ##        ##  ##    ##  ##       ##     ## ##     ##       ## ##
     ##       #### ##     ## ######## ########  ##     ##  ######  ########

You're about to initialize a Firebase project in this directory:

  C:\Users\tahmi\repos\Team-12-Hack-for-Gaza

[debug] [2025-07-19T11:27:47.330Z] ExitPromptError: User force closed the prompt with SIGINT
    at Interface.sigint (C:\Users\tahmi\AppData\Roaming\nvm\v20.19.4\node_modules\firebase-tools\node_modules\@inquirer\core\dist\commonjs\lib\create-prompt.js:101:37)
    at Interface.emit (node:events:524:28)
    at Interface.emit (node:domain:489:12)
    at [_ttyWrite] [as _ttyWrite] (node:internal/readline/interface:1125:18)
    at ReadStream.onkeypress (node:internal/readline/interface:264:20)
    at ReadStream.emit (node:events:536:35)
    at ReadStream.emit (node:domain:489:12)
    at emitKeys (node:internal/readline/utils:371:14)
    at emitKeys.next (<anonymous>)
    at ReadStream.onData (node:internal/readline/emitKeypressEvents:64:36)
[error] 
[error] Error: An unexpected error has occurred.
[debug] [2025-07-19T11:28:39.122Z] ----------------------------------------------------------------------
[debug] [2025-07-19T11:28:39.126Z] Command:       C:\Program Files\nodejs\node.exe C:\Program Files\nodejs\node_modules\firebase-tools\lib\bin\firebase.js init
[debug] [2025-07-19T11:28:39.127Z] CLI Version:   14.11.0
[debug] [2025-07-19T11:28:39.127Z] Platform:      win32
[debug] [2025-07-19T11:28:39.127Z] Node Version:  v20.19.4
[debug] [2025-07-19T11:28:39.127Z] Time:          Sat Jul 19 2025 12:28:39 GMT+0100 (British Summer Time)
[debug] [2025-07-19T11:28:39.128Z] ----------------------------------------------------------------------
[debug] 
[debug] [2025-07-19T11:28:39.137Z] > command requires scopes: ["email","openid","https://www.googleapis.com/auth/cloudplatformprojects.readonly","https://www.googleapis.com/auth/firebase","https://www.googleapis.com/auth/cloud-platform"]
[debug] [2025-07-19T11:28:39.137Z] > authorizing via signed-in user (tahmidchoudhury10@gmail.com)
[info] 
     ######## #### ########  ######## ########     ###     ######  ########
     ##        ##  ##     ## ##       ##     ##  ##   ##  ##       ##
     ######    ##  ########  ######   ########  #########  ######  ######
     ##        ##  ##    ##  ##       ##     ## ##     ##       ## ##
     ##       #### ##     ## ######## ########  ##     ##  ######  ########

You're about to initialize a Firebase project in this directory:

  C:\Users\tahmi\repos\Team-12-Hack-for-Gaza

[info] 
=== Project Setup
[info] 
[info] First, let's associate this project directory with a Firebase project.
[info] You can create multiple project aliases by running firebase use --add, 
[info] but for now we'll just set up a default project.
[info] 
[debug] [2025-07-19T11:29:02.593Z] Checked if tokens are valid: true, expires at: 1752927920666
[debug] [2025-07-19T11:29:02.594Z] Checked if tokens are valid: true, expires at: 1752927920666
[debug] [2025-07-19T11:29:02.598Z] >>> [apiv2][query] GET https://firebase.googleapis.com/v1beta1/projects pageSize=100
[debug] [2025-07-19T11:29:03.049Z] <<< [apiv2][status] GET https://firebase.googleapis.com/v1beta1/projects 200
[debug] [2025-07-19T11:29:03.049Z] <<< [apiv2][body] GET https://firebase.googleapis.com/v1beta1/projects [omitted]
[info] i  Using project team-12-dd (team-12-dd) 
[info] 
=== Functions Setup
[debug] [2025-07-19T11:29:04.200Z] > command requires scopes: ["email","openid","https://www.googleapis.com/auth/cloudplatformprojects.readonly","https://www.googleapis.com/auth/firebase","https://www.googleapis.com/auth/cloud-platform"]
[debug] [2025-07-19T11:29:04.201Z] > authorizing via signed-in user (tahmidchoudhury10@gmail.com)
[debug] [2025-07-19T11:29:04.201Z] [iam] checking project team-12-dd for permissions ["firebase.projects.get"]
[debug] [2025-07-19T11:29:04.202Z] Checked if tokens are valid: true, expires at: 1752927920666
[debug] [2025-07-19T11:29:04.203Z] Checked if tokens are valid: true, expires at: 1752927920666
[debug] [2025-07-19T11:29:04.203Z] >>> [apiv2][query] POST https://cloudresourcemanager.googleapis.com/v1/projects/team-12-dd:testIamPermissions [none]
[debug] [2025-07-19T11:29:04.203Z] >>> [apiv2][(partial)header] POST https://cloudresourcemanager.googleapis.com/v1/projects/team-12-dd:testIamPermissions x-goog-quota-user=projects/team-12-dd
[debug] [2025-07-19T11:29:04.204Z] >>> [apiv2][body] POST https://cloudresourcemanager.googleapis.com/v1/projects/team-12-dd:testIamPermissions {"permissions":["firebase.projects.get"]}
[debug] [2025-07-19T11:29:04.817Z] <<< [apiv2][status] POST https://cloudresourcemanager.googleapis.com/v1/projects/team-12-dd:testIamPermissions 200
[debug] [2025-07-19T11:29:04.818Z] <<< [apiv2][body] POST https://cloudresourcemanager.googleapis.com/v1/projects/team-12-dd:testIamPermissions {"permissions":["firebase.projects.get"]}
[info] Let's create a new codebase for your functions.
[info] A directory corresponding to the codebase will be created in your project
[info] with sample code pre-configured.

[info] See https://firebase.google.com/docs/functions/organize-functions for
[info] more information on organizing your functions using codebases.

[info] Functions can be deployed with firebase deploy.

[info] +  Wrote functions/requirements.txt 
[info] +  Wrote functions/.gitignore 
[info] +  Wrote functions/main.py 
